<?xml version="1.0" encoding="UTF-8"?>
<!-- Generated by org.testng.reporters.JUnitReportReporter -->
<testsuite hostname="DESKTOP-JMG9RLO" failures="0" tests="1" name="pagestests.HomePageTests" time="8.789" errors="0" timestamp="27 Jul 2020 23:41:42 GMT" skipped="0">
  <testcase classname="pagestests.HomePageTests" name="kp" time="8.789"/>
</testsuite> <!-- pagestests.HomePageTests -->
