<?xml version="1.0" encoding="UTF-8"?>
<!-- Generated by org.testng.reporters.JUnitReportReporter -->
<testsuite hostname="DESKTOP-JMG9RLO" failures="0" tests="3" name="pagestests.HomePageTests" time="9.085" errors="0" timestamp="28 Jul 2020 01:18:02 GMT" skipped="2">
  <testcase classname="pagestests.HomePageTests" name="scroll" time="9.085"/>
  <testcase classname="pagestests.HomePageTests" name="images">
    <skipped/>
  </testcase> <!-- images -->
  <testcase classname="pagestests.HomePageTests" name="kp">
    <skipped/>
  </testcase> <!-- kp -->
</testsuite> <!-- pagestests.HomePageTests -->
